\BOOKMARK [1][-]{section.1}{\376\377\116\373\122\241\151\202\217\360}{}% 1
\BOOKMARK [2][-]{subsection.1.1}{\376\377\116\373\122\241\166\356\150\007}{section.1}% 2
\BOOKMARK [2][-]{subsection.1.2}{\376\377\116\373\122\241\137\142\137\017}{section.1}% 3
\BOOKMARK [2][-]{subsection.1.3}{\376\377\217\223\121\145\217\223\121\372\211\304\203\003}{section.1}% 4
\BOOKMARK [1][-]{section.2}{\376\377\145\160\143\156\213\364\146\016}{}% 5
\BOOKMARK [2][-]{subsection.2.1}{\376\377\145\160\143\156\145\207\116\366\176\323\147\204}{section.2}% 6
\BOOKMARK [2][-]{subsection.2.2}{\376\377\127\372\147\054\176\337\213\241\221\317}{section.2}% 7
\BOOKMARK [2][-]{subsection.2.3}{\376\377\213\304\122\006\122\006\136\003}{section.2}% 8
\BOOKMARK [2][-]{subsection.2.4}{\376\377\165\050\142\067\116\016\162\151\124\301\155\073\215\303\136\246}{section.2}% 9
\BOOKMARK [2][-]{subsection.2.5}{\376\377\145\160\143\156\215\050\221\317\225\356\230\230}{section.2}% 10
\BOOKMARK [1][-]{section.3}{\376\377\145\271\154\325\213\276\213\241}{}% 11
\BOOKMARK [2][-]{subsection.3.1}{\376\377\140\073\117\123\140\035\215\357}{section.3}% 12
\BOOKMARK [2][-]{subsection.3.2}{\376\377\145\160\143\156\156\005\155\027\116\016\162\171\137\201\147\204\220\040}{section.3}% 13
\BOOKMARK [2][-]{subsection.3.3}{\376\377\227\136\121\267\124\057\122\250\213\304\122\006\225\032\160\271}{section.3}% 14
\BOOKMARK [2][-]{subsection.3.4}{\376\377\121\267\124\057\122\250\121\154\137\000\213\304\122\006\146\040\134\004}{section.3}% 15
\BOOKMARK [2][-]{subsection.3.5}{\376\377\000P\000r\000o\000m\000p\000t\000\040\213\276\213\241}{section.3}% 16
\BOOKMARK [1][-]{section.4}{\376\377\133\236\232\214\217\307\172\013\116\016\155\210\207\215\122\006\147\220}{}% 17
\BOOKMARK [2][-]{subsection.4.1}{\376\377\133\236\232\214\213\276\177\156}{section.4}% 18
\BOOKMARK [2][-]{subsection.4.2}{\376\377\116\073\211\201\155\210\207\215\176\323\147\234}{section.4}% 19
\BOOKMARK [2][-]{subsection.4.3}{\376\377\131\061\215\045\134\035\213\325\116\016\176\317\232\214}{section.4}% 20
\BOOKMARK [1][-]{section.5}{\376\377\147\000\176\310\176\323\147\234\122\006\147\220}{}% 21
\BOOKMARK [2][-]{subsection.5.1}{\376\377\176\277\116\012\213\304\122\006\176\323\147\234}{section.5}% 22
\BOOKMARK [2][-]{subsection.5.2}{\376\377\167\037\133\236\000\040\000A\000P\000I\000\040\134\017\150\067\147\054\232\214\213\301}{section.5}% 23
\BOOKMARK [2][-]{subsection.5.3}{\376\377\147\054\127\060\116\343\164\006\213\304\155\113}{section.5}% 24
\BOOKMARK [2][-]{subsection.5.4}{\376\377\000T\000o\000k\000e\000n\000\040\116\016\145\066\166\312\163\207}{section.5}% 25
\BOOKMARK [2][-]{subsection.5.5}{\376\377\213\357\135\356\147\145\156\220}{section.5}% 26
\BOOKMARK [1][-]{section.6}{\376\377\140\073\176\323}{}% 27
